<?xml version="1.0" encoding="UTF-8"?>
<beans xmlns="http://www.springframework.org/schema/beans" xmlns:xsi="http://www.w3.org/2001/XMLSchema-instance"
       xmlns:context="http://www.springframework.org/schema/context"
       xmlns:mvc="http://www.springframework.org/schema/mvc"
       xsi:schemaLocation="http://www.springframework.org/schema/mvc http://www.springframework.org/schema/mvc/spring-mvc-3.0.xsd
		http://www.springframework.org/schema/beans http://www.springframework.org/schema/beans/spring-beans-3.0.xsd
		http://www.springframework.org/schema/context http://www.springframework.org/schema/context/spring-context-3.0.xsd">


    <!-- Scans the classpath of this application for @Components to deploy as beans -->
    <context:component-scan base-package="org.chtijbug.drools.platform.web" />

    <bean id="eagerLessCompilation" class="java.lang.Boolean">
        <constructor-arg value="false"/>
    </bean>

    <!-- Configures the @Controller programming model -->
    <mvc:annotation-driven/>

    <!-- JSON Mapping Resolver -->
    <bean class="org.springframework.web.servlet.view.ContentNegotiatingViewResolver">
        <property name="defaultViews">
            <list>
                <bean class="org.springframework.web.servlet.view.json.MappingJackson2JsonView">
                    <property name="objectMapper" ref="jsonObjectMapper"/>
                </bean>
            </list>
        </property>
    </bean>
    <bean id="jsonObjectMapper" class="com.fasterxml.jackson.databind.ObjectMapper">
        <property name="serializationInclusion" value="NON_NULL"/>
    </bean>

</beans>