<?xml version="1.0" encoding="UTF-8"?>
<beans xmlns="http://www.springframework.org/schema/beans" xmlns:xsi="http://www.w3.org/2001/XMLSchema-instance"
       xmlns:context="http://www.springframework.org/schema/context"
       xmlns:mvc="http://www.springframework.org/schema/mvc" xmlns:jdbc="http://www.springframework.org/schema/jdbc"
       xsi:schemaLocation="http://www.springframework.org/schema/mvc http://www.springframework.org/schema/mvc/spring-mvc-3.0.xsd
		http://www.springframework.org/schema/beans http://www.springframework.org/schema/beans/spring-beans-3.0.xsd
		http://www.springframework.org/schema/context http://www.springframework.org/schema/context/spring-context-3.0.xsd http://www.springframework.org/schema/jdbc http://www.springframework.org/schema/jdbc/spring-jdbc.xsd">

    <import resource="classpath*:META-INF/spring/spring-persistence-context.xml"/>


    <!-- Scans the classpath of this application for @Components to deploy as beans -->
    <context:annotation-config/>
    <context:component-scan base-package="org.chtijbug.drools.platform.web"/>

    <context:property-placeholder location="classpath:/spring/jpa.properties"/>

    <!-- Configures the @Controller programming model -->
    <mvc:annotation-driven/>

    <!-- Forwards requests to the "/" resource to the "welcome" view -->
    <mvc:view-controller path="/" view-artifactId="welcome"/>

    <bean id="dataSource" class="org.apache.commons.dbcp.BasicDataSource" destroy-method="close" lazy-init="false">
        <property artifactId="driverClassName" value="${jdbc.driverClassName}"/>
        <property artifactId="url" value="${jdbc.url}"/>
        <property artifactId="username" value="${jdbc.username}"/>
        <property artifactId="password" value="${jdbc.password}"/>
    </bean>

    <!-- JSON Mapping Resolver -->
    <bean class="org.springframework.web.servlet.view.ContentNegotiatingViewResolver">
        <property artifactId="defaultViews">
            <list>
                <bean class="org.springframework.web.servlet.view.json.MappingJackson2JsonView">
                    <property artifactId="objectMapper" ref="jsonObjectMapper"/>
                </bean>
            </list>
        </property>
    </bean>
    <bean id="jsonObjectMapper" class="com.fasterxml.jackson.databind.ObjectMapper">
        <property artifactId="serializationInclusion" value="NON_NULL"/>
    </bean>

</beans>